{"C:\\Users\\Administrator\\Downloads\\Atividade\\calculadora.js": {"path":"C:\\Users\\Administrator\\Downloads\\Atividade\\calculadora.js","statementMap":{"0":{"start":{"line":1,"column":0},"end":{"line":21,"column":2}},"1":{"start":{"line":3,"column":4},"end":{"line":3,"column":23}},"2":{"start":{"line":7,"column":4},"end":{"line":7,"column":23}},"3":{"start":{"line":11,"column":4},"end":{"line":11,"column":23}},"4":{"start":{"line":15,"column":4},"end":{"line":19,"column":5}},"5":{"start":{"line":16,"column":8},"end":{"line":16,"column":42}},"6":{"start":{"line":18,"column":4},"end":{"line":18,"column":23}}},"fnMap":{"0":{"name":"(anonymous_0)","decl":{"start":{"line":2,"column":8},"end":{"line":2,"column":9}},"loc":{"start":{"line":2,"column":28},"end":{"line":4,"column":1}},"line":2},"1":{"name":"(anonymous_1)","decl":{"start":{"line":6,"column":11},"end":{"line":6,"column":12}},"loc":{"start":{"line":6,"column":31},"end":{"line":8,"column":1}},"line":6},"2":{"name":"(anonymous_2)","decl":{"start":{"line":10,"column":15},"end":{"line":10,"column":16}},"loc":{"start":{"line":10,"column":35},"end":{"line":12,"column":1}},"line":10},"3":{"name":"(anonymous_3)","decl":{"start":{"line":14,"column":9},"end":{"line":14,"column":10}},"loc":{"start":{"line":14,"column":29},"end":{"line":20,"column":1}},"line":14}},"branchMap":{"0":{"loc":{"start":{"line":15,"column":4},"end":{"line":19,"column":5}},"type":"if","locations":[{"start":{"line":15,"column":4},"end":{"line":19,"column":5}},{"start":{"line":17,"column":11},"end":{"line":19,"column":5}}],"line":15}},"s":{"0":1,"1":1,"2":1,"3":1,"4":1,"5":0,"6":1},"f":{"0":1,"1":1,"2":1,"3":1},"b":{"0":[0,1]},"_coverageSchema":"1a1c01bbd47fc00a2c39e90264f33305004495a9","hash":"f980bf5ea77abbec494d26f30e0b6a0d9694d3d7"}
,"C:\\Users\\Administrator\\Downloads\\Atividade\\convertemp.js": {"path":"C:\\Users\\Administrator\\Downloads\\Atividade\\convertemp.js","statementMap":{"0":{"start":{"line":2,"column":4},"end":{"line":2,"column":32}},"1":{"start":{"line":6,"column":4},"end":{"line":6,"column":35}},"2":{"start":{"line":9,"column":0},"end":{"line":12,"column":2}}},"fnMap":{"0":{"name":"celsiusParaFahrenheit","decl":{"start":{"line":1,"column":9},"end":{"line":1,"column":30}},"loc":{"start":{"line":1,"column":40},"end":{"line":3,"column":1}},"line":1},"1":{"name":"fahrenheitParaCelsius","decl":{"start":{"line":5,"column":9},"end":{"line":5,"column":30}},"loc":{"start":{"line":5,"column":43},"end":{"line":7,"column":1}},"line":5}},"branchMap":{},"s":{"0":1,"1":1,"2":1},"f":{"0":1,"1":1},"b":{},"_coverageSchema":"1a1c01bbd47fc00a2c39e90264f33305004495a9","hash":"1134d7f247c2ef968aa590ef7c141740b47d1246"}
,"C:\\Users\\Administrator\\Downloads\\Atividade\\numprimo.js": {"path":"C:\\Users\\Administrator\\Downloads\\Atividade\\numprimo.js","statementMap":{"0":{"start":{"line":2,"column":4},"end":{"line":4,"column":5}},"1":{"start":{"line":3,"column":8},"end":{"line":3,"column":21}},"2":{"start":{"line":5,"column":4},"end":{"line":7,"column":5}},"3":{"start":{"line":6,"column":8},"end":{"line":6,"column":20}},"4":{"start":{"line":8,"column":4},"end":{"line":10,"column":5}},"5":{"start":{"line":9,"column":8},"end":{"line":9,"column":21}},"6":{"start":{"line":11,"column":12},"end":{"line":11,"column":13}},"7":{"start":{"line":12,"column":4},"end":{"line":17,"column":5}},"8":{"start":{"line":13,"column":8},"end":{"line":15,"column":9}},"9":{"start":{"line":14,"column":12},"end":{"line":14,"column":25}},"10":{"start":{"line":16,"column":8},"end":{"line":16,"column":15}},"11":{"start":{"line":18,"column":4},"end":{"line":18,"column":16}},"12":{"start":{"line":21,"column":0},"end":{"line":21,"column":25}}},"fnMap":{"0":{"name":"isPrime","decl":{"start":{"line":1,"column":9},"end":{"line":1,"column":16}},"loc":{"start":{"line":1,"column":25},"end":{"line":19,"column":1}},"line":1}},"branchMap":{"0":{"loc":{"start":{"line":2,"column":4},"end":{"line":4,"column":5}},"type":"if","locations":[{"start":{"line":2,"column":4},"end":{"line":4,"column":5}},{"start":{},"end":{}}],"line":2},"1":{"loc":{"start":{"line":5,"column":4},"end":{"line":7,"column":5}},"type":"if","locations":[{"start":{"line":5,"column":4},"end":{"line":7,"column":5}},{"start":{},"end":{}}],"line":5},"2":{"loc":{"start":{"line":8,"column":4},"end":{"line":10,"column":5}},"type":"if","locations":[{"start":{"line":8,"column":4},"end":{"line":10,"column":5}},{"start":{},"end":{}}],"line":8},"3":{"loc":{"start":{"line":8,"column":8},"end":{"line":8,"column":44}},"type":"binary-expr","locations":[{"start":{"line":8,"column":8},"end":{"line":8,"column":24}},{"start":{"line":8,"column":28},"end":{"line":8,"column":44}}],"line":8},"4":{"loc":{"start":{"line":13,"column":8},"end":{"line":15,"column":9}},"type":"if","locations":[{"start":{"line":13,"column":8},"end":{"line":15,"column":9}},{"start":{},"end":{}}],"line":13},"5":{"loc":{"start":{"line":13,"column":12},"end":{"line":13,"column":54}},"type":"binary-expr","locations":[{"start":{"line":13,"column":12},"end":{"line":13,"column":28}},{"start":{"line":13,"column":32},"end":{"line":13,"column":54}}],"line":13}},"s":{"0":6,"1":1,"2":5,"3":2,"4":3,"5":2,"6":1,"7":1,"8":0,"9":0,"10":0,"11":1,"12":1},"f":{"0":6},"b":{"0":[1,5],"1":[2,3],"2":[2,1],"3":[3,1],"4":[0,0],"5":[0,0]},"_coverageSchema":"1a1c01bbd47fc00a2c39e90264f33305004495a9","hash":"b71d933e2c716017fe480d7c07005c0cfb7d4946"}
,"C:\\Users\\Administrator\\Downloads\\Atividade\\ordemlist.js": {"path":"C:\\Users\\Administrator\\Downloads\\Atividade\\ordemlist.js","statementMap":{"0":{"start":{"line":2,"column":4},"end":{"line":4,"column":5}},"1":{"start":{"line":3,"column":8},"end":{"line":3,"column":67}},"2":{"start":{"line":6,"column":4},"end":{"line":8,"column":5}},"3":{"start":{"line":7,"column":8},"end":{"line":7,"column":87}},"4":{"start":{"line":10,"column":29},"end":{"line":16,"column":6}},"5":{"start":{"line":11,"column":8},"end":{"line":15,"column":9}},"6":{"start":{"line":12,"column":12},"end":{"line":12,"column":25}},"7":{"start":{"line":14,"column":12},"end":{"line":14,"column":25}},"8":{"start":{"line":18,"column":4},"end":{"line":18,"column":28}},"9":{"start":{"line":21,"column":0},"end":{"line":21,"column":32}}},"fnMap":{"0":{"name":"ordenarNumeros","decl":{"start":{"line":1,"column":9},"end":{"line":1,"column":23}},"loc":{"start":{"line":1,"column":48},"end":{"line":19,"column":1}},"line":1},"1":{"name":"(anonymous_1)","decl":{"start":{"line":10,"column":50},"end":{"line":10,"column":51}},"loc":{"start":{"line":10,"column":60},"end":{"line":16,"column":5}},"line":10}},"branchMap":{"0":{"loc":{"start":{"line":1,"column":33},"end":{"line":1,"column":46}},"type":"default-arg","locations":[{"start":{"line":1,"column":41},"end":{"line":1,"column":46}}],"line":1},"1":{"loc":{"start":{"line":2,"column":4},"end":{"line":4,"column":5}},"type":"if","locations":[{"start":{"line":2,"column":4},"end":{"line":4,"column":5}},{"start":{},"end":{}}],"line":2},"2":{"loc":{"start":{"line":6,"column":4},"end":{"line":8,"column":5}},"type":"if","locations":[{"start":{"line":6,"column":4},"end":{"line":8,"column":5}},{"start":{},"end":{}}],"line":6},"3":{"loc":{"start":{"line":6,"column":8},"end":{"line":6,"column":43}},"type":"binary-expr","locations":[{"start":{"line":6,"column":8},"end":{"line":6,"column":23}},{"start":{"line":6,"column":27},"end":{"line":6,"column":43}}],"line":6},"4":{"loc":{"start":{"line":11,"column":8},"end":{"line":15,"column":9}},"type":"if","locations":[{"start":{"line":11,"column":8},"end":{"line":15,"column":9}},{"start":{"line":13,"column":15},"end":{"line":15,"column":9}}],"line":11}},"s":{"0":4,"1":1,"2":3,"3":1,"4":2,"5":16,"6":7,"7":9,"8":2,"9":1},"f":{"0":4,"1":16},"b":{"0":[2],"1":[1,3],"2":[1,2],"3":[3,2],"4":[7,9]},"_coverageSchema":"1a1c01bbd47fc00a2c39e90264f33305004495a9","hash":"51b401fa8f279b0ad0f0dbbfdccef7db2a4356ba"}
,"C:\\Users\\Administrator\\Downloads\\Atividade\\palindromo.js": {"path":"C:\\Users\\Administrator\\Downloads\\Atividade\\palindromo.js","statementMap":{"0":{"start":{"line":2,"column":21},"end":{"line":2,"column":60}},"1":{"start":{"line":3,"column":4},"end":{"line":3,"column":62}},"2":{"start":{"line":6,"column":0},"end":{"line":6,"column":28}}},"fnMap":{"0":{"name":"Palindromo","decl":{"start":{"line":1,"column":9},"end":{"line":1,"column":19}},"loc":{"start":{"line":1,"column":25},"end":{"line":4,"column":1}},"line":1}},"branchMap":{},"s":{"0":2,"1":2,"2":1},"f":{"0":2},"b":{},"_coverageSchema":"1a1c01bbd47fc00a2c39e90264f33305004495a9","hash":"5e23be172a5eb029ef75b27582678130ec41260c"}
,"C:\\Users\\Administrator\\Downloads\\Atividade\\soma.js": {"path":"C:\\Users\\Administrator\\Downloads\\Atividade\\soma.js","statementMap":{"0":{"start":{"line":2,"column":4},"end":{"line":2,"column":27}},"1":{"start":{"line":5,"column":0},"end":{"line":5,"column":23}}},"fnMap":{"0":{"name":"somar","decl":{"start":{"line":1,"column":9},"end":{"line":1,"column":14}},"loc":{"start":{"line":1,"column":29},"end":{"line":3,"column":1}},"line":1}},"branchMap":{},"s":{"0":1,"1":1},"f":{"0":1},"b":{},"_coverageSchema":"1a1c01bbd47fc00a2c39e90264f33305004495a9","hash":"afbb60e3d4a149bc4918178b5129853b9944e8b9"}
,"C:\\Users\\Administrator\\Downloads\\Atividade\\validcpf.js": {"path":"C:\\Users\\Administrator\\Downloads\\Atividade\\validcpf.js","statementMap":{"0":{"start":{"line":2,"column":4},"end":{"line":2,"column":36}},"1":{"start":{"line":4,"column":4},"end":{"line":6,"column":5}},"2":{"start":{"line":5,"column":6},"end":{"line":5,"column":19}},"3":{"start":{"line":8,"column":31},"end":{"line":8,"column":79}},"4":{"start":{"line":8,"column":61},"end":{"line":8,"column":78}},"5":{"start":{"line":9,"column":4},"end":{"line":11,"column":5}},"6":{"start":{"line":10,"column":6},"end":{"line":10,"column":19}},"7":{"start":{"line":13,"column":15},"end":{"line":13,"column":16}},"8":{"start":{"line":14,"column":4},"end":{"line":16,"column":5}},"9":{"start":{"line":14,"column":17},"end":{"line":14,"column":18}},"10":{"start":{"line":15,"column":6},"end":{"line":15,"column":49}},"11":{"start":{"line":18,"column":16},"end":{"line":18,"column":32}},"12":{"start":{"line":19,"column":29},"end":{"line":19,"column":69}},"13":{"start":{"line":21,"column":4},"end":{"line":23,"column":5}},"14":{"start":{"line":22,"column":6},"end":{"line":22,"column":19}},"15":{"start":{"line":25,"column":4},"end":{"line":25,"column":13}},"16":{"start":{"line":26,"column":4},"end":{"line":28,"column":5}},"17":{"start":{"line":26,"column":17},"end":{"line":26,"column":18}},"18":{"start":{"line":27,"column":6},"end":{"line":27,"column":49}},"19":{"start":{"line":29,"column":4},"end":{"line":29,"column":29}},"20":{"start":{"line":30,"column":29},"end":{"line":30,"column":69}},"21":{"start":{"line":33,"column":4},"end":{"line":35,"column":5}},"22":{"start":{"line":34,"column":6},"end":{"line":34,"column":19}},"23":{"start":{"line":37,"column":4},"end":{"line":37,"column":16}},"24":{"start":{"line":40,"column":0},"end":{"line":40,"column":26}}},"fnMap":{"0":{"name":"validcpf","decl":{"start":{"line":1,"column":9},"end":{"line":1,"column":17}},"loc":{"start":{"line":1,"column":23},"end":{"line":38,"column":1}},"line":1},"1":{"name":"(anonymous_1)","decl":{"start":{"line":8,"column":51},"end":{"line":8,"column":52}},"loc":{"start":{"line":8,"column":61},"end":{"line":8,"column":78}},"line":8}},"branchMap":{"0":{"loc":{"start":{"line":4,"column":4},"end":{"line":6,"column":5}},"type":"if","locations":[{"start":{"line":4,"column":4},"end":{"line":6,"column":5}},{"start":{},"end":{}}],"line":4},"1":{"loc":{"start":{"line":9,"column":4},"end":{"line":11,"column":5}},"type":"if","locations":[{"start":{"line":9,"column":4},"end":{"line":11,"column":5}},{"start":{},"end":{}}],"line":9},"2":{"loc":{"start":{"line":19,"column":29},"end":{"line":19,"column":69}},"type":"cond-expr","locations":[{"start":{"line":19,"column":60},"end":{"line":19,"column":61}},{"start":{"line":19,"column":64},"end":{"line":19,"column":69}}],"line":19},"3":{"loc":{"start":{"line":19,"column":29},"end":{"line":19,"column":57}},"type":"binary-expr","locations":[{"start":{"line":19,"column":29},"end":{"line":19,"column":41}},{"start":{"line":19,"column":45},"end":{"line":19,"column":57}}],"line":19},"4":{"loc":{"start":{"line":21,"column":4},"end":{"line":23,"column":5}},"type":"if","locations":[{"start":{"line":21,"column":4},"end":{"line":23,"column":5}},{"start":{},"end":{}}],"line":21},"5":{"loc":{"start":{"line":30,"column":29},"end":{"line":30,"column":69}},"type":"cond-expr","locations":[{"start":{"line":30,"column":60},"end":{"line":30,"column":61}},{"start":{"line":30,"column":64},"end":{"line":30,"column":69}}],"line":30},"6":{"loc":{"start":{"line":30,"column":29},"end":{"line":30,"column":57}},"type":"binary-expr","locations":[{"start":{"line":30,"column":29},"end":{"line":30,"column":41}},{"start":{"line":30,"column":45},"end":{"line":30,"column":57}}],"line":30},"7":{"loc":{"start":{"line":33,"column":4},"end":{"line":35,"column":5}},"type":"if","locations":[{"start":{"line":33,"column":4},"end":{"line":35,"column":5}},{"start":{},"end":{}}],"line":33}},"s":{"0":2,"1":2,"2":0,"3":2,"4":4,"5":2,"6":0,"7":2,"8":2,"9":2,"10":18,"11":2,"12":2,"13":2,"14":1,"15":1,"16":1,"17":1,"18":10,"19":1,"20":1,"21":1,"22":0,"23":1,"24":1},"f":{"0":2,"1":4},"b":{"0":[0,2],"1":[0,2],"2":[2,0],"3":[2,0],"4":[1,1],"5":[0,1],"6":[1,1],"7":[0,1]},"_coverageSchema":"1a1c01bbd47fc00a2c39e90264f33305004495a9","hash":"ebaebb3b0e4ae28e08b1eea78a490748b8c520bf"}
}
