TN:
SF:calculadora.js
FN:2,(anonymous_0)
FN:6,(anonymous_1)
FN:10,(anonymous_2)
FN:14,(anonymous_3)
FNF:4
FNH:4
FNDA:1,(anonymous_0)
FNDA:1,(anonymous_1)
FNDA:1,(anonymous_2)
FNDA:1,(anonymous_3)
DA:1,1
DA:3,1
DA:7,1
DA:11,1
DA:15,1
DA:16,0
DA:18,1
LF:7
LH:6
BRDA:15,0,0,0
BRDA:15,0,1,1
BRF:2
BRH:1
end_of_record
TN:
SF:convertemp.js
FN:1,celsiusParaFahrenheit
FN:5,fahrenheitParaCelsius
FNF:2
FNH:2
FNDA:1,celsiusParaFahrenheit
FNDA:1,fahrenheitParaCelsius
DA:2,1
DA:6,1
DA:9,1
LF:3
LH:3
BRF:0
BRH:0
end_of_record
TN:
SF:numprimo.js
FN:1,isPrime
FNF:1
FNH:1
FNDA:6,isPrime
DA:2,6
DA:3,1
DA:5,5
DA:6,2
DA:8,3
DA:9,2
DA:11,1
DA:12,1
DA:13,0
DA:14,0
DA:16,0
DA:18,1
DA:21,1
LF:13
LH:10
BRDA:2,0,0,1
BRDA:2,0,1,5
BRDA:5,1,0,2
BRDA:5,1,1,3
BRDA:8,2,0,2
BRDA:8,2,1,1
BRDA:8,3,0,3
BRDA:8,3,1,1
BRDA:13,4,0,0
BRDA:13,4,1,0
BRDA:13,5,0,0
BRDA:13,5,1,0
BRF:12
BRH:8
end_of_record
TN:
SF:ordemlist.js
FN:1,ordenarNumeros
FN:10,(anonymous_1)
FNF:2
FNH:2
FNDA:4,ordenarNumeros
FNDA:16,(anonymous_1)
DA:2,4
DA:3,1
DA:6,3
DA:7,1
DA:10,2
DA:11,16
DA:12,7
DA:14,9
DA:18,2
DA:21,1
LF:10
LH:10
BRDA:1,0,0,2
BRDA:2,1,0,1
BRDA:2,1,1,3
BRDA:6,2,0,1
BRDA:6,2,1,2
BRDA:6,3,0,3
BRDA:6,3,1,2
BRDA:11,4,0,7
BRDA:11,4,1,9
BRF:9
BRH:9
end_of_record
TN:
SF:palindromo.js
FN:1,Palindromo
FNF:1
FNH:1
FNDA:2,Palindromo
DA:2,2
DA:3,2
DA:6,1
LF:3
LH:3
BRF:0
BRH:0
end_of_record
TN:
SF:soma.js
FN:1,somar
FNF:1
FNH:1
FNDA:1,somar
DA:2,1
DA:5,1
LF:2
LH:2
BRF:0
BRH:0
end_of_record
TN:
SF:validcpf.js
FN:1,validcpf
FN:8,(anonymous_1)
FNF:2
FNH:2
FNDA:2,validcpf
FNDA:4,(anonymous_1)
DA:2,2
DA:4,2
DA:5,0
DA:8,4
DA:9,2
DA:10,0
DA:13,2
DA:14,2
DA:15,18
DA:18,2
DA:19,2
DA:21,2
DA:22,1
DA:25,1
DA:26,1
DA:27,10
DA:29,1
DA:30,1
DA:33,1
DA:34,0
DA:37,1
DA:40,1
LF:22
LH:19
BRDA:4,0,0,0
BRDA:4,0,1,2
BRDA:9,1,0,0
BRDA:9,1,1,2
BRDA:19,2,0,2
BRDA:19,2,1,0
BRDA:19,3,0,2
BRDA:19,3,1,0
BRDA:21,4,0,1
BRDA:21,4,1,1
BRDA:30,5,0,0
BRDA:30,5,1,1
BRDA:30,6,0,1
BRDA:30,6,1,1
BRDA:33,7,0,0
BRDA:33,7,1,1
BRF:16
BRH:10
end_of_record
